<?xml version="1.0" encoding="UTF-8"?>
<testsuite xmlns:xsi="http://www.w3.org/2001/XMLSchema-instance" xsi:noNamespaceSchemaLocation="https://maven.apache.org/surefire/maven-surefire-plugin/xsd/surefire-test-report.xsd" name="Login Successful - Data Table" time="17.757" tests="5" errors="2" skipped="0" failures="0">
  <properties>
[...]
</properties>
  <testcase name="Login Successful - Data Table" classname="Login Successful - Data Table" time="0"/>
  <testcase name="Login Successful - Data Table" classname="Login Successful - Data Table" time="0">
    <error message="Expected condition failed: waiting for element to be clickable: By.xpath: //*[@id=&apos;rightPanel&apos;]/div/div/h1 (tried for 10 second(s) with 500 milliseconds interval)" type="org.openqa.selenium.TimeoutException">org.openqa.selenium.TimeoutException: Expected condition failed: waiting for element to be clickable: By.xpath: //*[@id='rightPanel']/div/div/h1 (tried for 10 second(s) with 500 milliseconds interval)
Caused by: org.openqa.selenium.NoSuchElementException: 
no such element: Unable to locate element: {"method":"xpath","selector":"//*[@id='rightPanel']/div/div/h1"}
  (Session info: chrome=83.0.4103.97)
For documentation on this error, please visit: https://www.seleniumhq.org/exceptions/no_such_element.html
Build info: version: '3.141.59', revision: 'e82be7d358', time: '2018-11-14T08:17:03'
System info: host: 'W10GKN43Z2', ip: '192.168.1.105', os.name: 'Windows 10', os.arch: 'amd64', os.version: '10.0', java.version: '11.0.7'
Driver info: org.openqa.selenium.chrome.ChromeDriver
Capabilities {acceptInsecureCerts: false, browserName: chrome, browserVersion: 83.0.4103.97, chrome: {chromedriverVersion: 83.0.4103.39 (ccbf011cb2d2b..., userDataDir: C:\Users\KARINA~1\AppData\L...}, goog:chromeOptions: {debuggerAddress: localhost:55442}, javascriptEnabled: true, networkConnectionEnabled: false, pageLoadStrategy: normal, platform: WINDOWS, platformName: WINDOWS, proxy: Proxy(), setWindowRect: true, strictFileInteractability: false, timeouts: {implicit: 0, pageLoad: 300000, script: 30000}, unhandledPromptBehavior: dismiss and notify, webauthn:virtualAuthenticators: true}
Session ID: 805edd412a3dc732f168f41e6fefe6e8
*** Element info: {Using=xpath, value=//*[@id='rightPanel']/div/div/h1}
</error>
  </testcase>
  <testcase name="I am in the login page of the Para Bank Application" classname="Login Successful - Data Table" time="3.763"/>
  <testcase name="I enter valid credentials" classname="Login Successful - Data Table" time="0.712"/>
  <testcase name="I should be taken to the Overview page" classname="Login Successful - Data Table" time="10.19">
    <error message="Expected condition failed: waiting for element to be clickable: By.xpath: //*[@id=&apos;rightPanel&apos;]/div/div/h1 (tried for 10 second(s) with 500 milliseconds interval)" type="org.openqa.selenium.TimeoutException">org.openqa.selenium.TimeoutException: Expected condition failed: waiting for element to be clickable: By.xpath: //*[@id='rightPanel']/div/div/h1 (tried for 10 second(s) with 500 milliseconds interval)
Caused by: org.openqa.selenium.NoSuchElementException: 
no such element: Unable to locate element: {"method":"xpath","selector":"//*[@id='rightPanel']/div/div/h1"}
  (Session info: chrome=83.0.4103.97)
For documentation on this error, please visit: https://www.seleniumhq.org/exceptions/no_such_element.html
Build info: version: '3.141.59', revision: 'e82be7d358', time: '2018-11-14T08:17:03'
System info: host: 'W10GKN43Z2', ip: '192.168.1.105', os.name: 'Windows 10', os.arch: 'amd64', os.version: '10.0', java.version: '11.0.7'
Driver info: org.openqa.selenium.chrome.ChromeDriver
Capabilities {acceptInsecureCerts: false, browserName: chrome, browserVersion: 83.0.4103.97, chrome: {chromedriverVersion: 83.0.4103.39 (ccbf011cb2d2b..., userDataDir: C:\Users\KARINA~1\AppData\L...}, goog:chromeOptions: {debuggerAddress: localhost:55442}, javascriptEnabled: true, networkConnectionEnabled: false, pageLoadStrategy: normal, platform: WINDOWS, platformName: WINDOWS, proxy: Proxy(), setWindowRect: true, strictFileInteractability: false, timeouts: {implicit: 0, pageLoad: 300000, script: 30000}, unhandledPromptBehavior: dismiss and notify, webauthn:virtualAuthenticators: true}
Session ID: 805edd412a3dc732f168f41e6fefe6e8
*** Element info: {Using=xpath, value=//*[@id='rightPanel']/div/div/h1}
</error>
  </testcase>
</testsuite>